<?xml version="1.0" encoding="UTF-8"?>
<!-- Generated by org.testng.reporters.JUnitReportReporter -->
<testsuite hostname="TXCDTL147ND5986" name="com.tek.test.patterns.VerifyPatternsOnSite" tests="6" failures="0" timestamp="12 Jan 2015 22:04:31 GMT" time="86.085" errors="0">
  <testcase name="testVerifyColorSelector" time="19.021" classname="com.tek.test.patterns.VerifyPatternsOnSite"/>
  <testcase name="testVerifyColorSelector" time="16.873" classname="com.tek.test.patterns.VerifyPatternsOnSite"/>
  <testcase name="testVerifyButton" time="10.393" classname="com.tek.test.patterns.VerifyPatternsOnSite"/>
  <testcase name="testVerifyColorSelector" time="15.831" classname="com.tek.test.patterns.VerifyPatternsOnSite"/>
  <testcase name="testVerifyButton" time="12.879" classname="com.tek.test.patterns.VerifyPatternsOnSite"/>
  <testcase name="testVerifyButton" time="11.088" classname="com.tek.test.patterns.VerifyPatternsOnSite"/>
</testsuite> <!-- com.tek.test.patterns.VerifyPatternsOnSite -->
