<?xml version="1.0" encoding="UTF-8"?>
<!-- Generated by org.testng.reporters.JUnitReportReporter -->
<testsuite hostname="TXCDTL147ND5986" name="com.tek.test.patterns.VerifyPatternsOnSite" tests="12" failures="0" timestamp="14 Jan 2015 23:44:57 GMT" time="174.740" errors="0">
  <testcase name="testVerifyAccordian" time="13.947" classname="com.tek.test.patterns.VerifyPatternsOnSite"/>
  <testcase name="testVerifyCarousel" time="15.961" classname="com.tek.test.patterns.VerifyPatternsOnSite"/>
  <testcase name="testVerifyCarousel" time="15.478" classname="com.tek.test.patterns.VerifyPatternsOnSite"/>
  <testcase name="testVerifyAccordian" time="12.021" classname="com.tek.test.patterns.VerifyPatternsOnSite"/>
  <testcase name="testVerifyColorSelector" time="21.241" classname="com.tek.test.patterns.VerifyPatternsOnSite"/>
  <testcase name="testVerifyButton" time="14.036" classname="com.tek.test.patterns.VerifyPatternsOnSite"/>
  <testcase name="testVerifyButton" time="11.356" classname="com.tek.test.patterns.VerifyPatternsOnSite"/>
  <testcase name="testVerifyAccordian" time="12.379" classname="com.tek.test.patterns.VerifyPatternsOnSite"/>
  <testcase name="testVerifyColorSelector" time="18.472" classname="com.tek.test.patterns.VerifyPatternsOnSite"/>
  <testcase name="testVerifyColorSelector" time="16.799" classname="com.tek.test.patterns.VerifyPatternsOnSite"/>
  <testcase name="testVerifyButton" time="10.448" classname="com.tek.test.patterns.VerifyPatternsOnSite"/>
  <testcase name="testVerifyCarousel" time="12.602" classname="com.tek.test.patterns.VerifyPatternsOnSite"/>
</testsuite> <!-- com.tek.test.patterns.VerifyPatternsOnSite -->
